2025-10-24 13:24:07,870 - __main__ - INFO - Range mode: using config date range
2025-10-24 13:24:07,870 - __main__ - INFO - Starting Economic News Manager Pipeline
2025-10-24 13:24:07,870 - symbol_mapper - INFO - Loaded 8 auto mappings and 1 custom overrides
2025-10-24 13:24:07,871 - __main__ - INFO - Range mode: scraping events from 2025-04-27 to 2025-10-24
2025-10-24 13:24:07,871 - __main__ - INFO - Starting range data scraping...
2025-10-24 13:24:07,871 - scraper - INFO - Starting RANGE-BASED scrape from 2025-04-27 to 2025-10-24
2025-10-24 13:24:07,871 - scraper - INFO - Total days in range: 180
2025-10-24 13:24:07,871 - scraper - INFO - Split date range into 6 chunks of max 1 months each
2025-10-24 13:24:07,872 - scraper - INFO - Processing 6 date range chunks
2025-10-24 13:24:07,872 - scraper - INFO - Processing range 1/6: 2025-04-27 to 2025-05-26
2025-10-24 13:24:07,872 - scraper - INFO - [RANGE] Starting range scraping: 2025-04-27 to 2025-05-26
2025-10-24 13:24:07,872 - scraper - INFO - [RANGE] Driver not initialized for range 2025-04-27 to 2025-05-26, setting up fresh driver
2025-10-24 13:24:07,873 - scraper - INFO - Setting up Chrome WebDriver...
2025-10-24 13:24:07,873 - scraper - INFO - Chrome WebDriver configured with headless mode: True
2025-10-24 13:24:07,873 - scraper - INFO - Downloading/updating ChromeDriver...
2025-10-24 13:24:07,873 - WDM - INFO - ====== WebDriver manager ======
2025-10-24 13:24:09,459 - WDM - INFO - Get LATEST chromedriver version for google-chrome
2025-10-24 13:24:09,891 - WDM - INFO - Get LATEST chromedriver version for google-chrome
2025-10-24 13:24:10,224 - WDM - INFO - Driver [C:\Users\taieb\.wdm\drivers\chromedriver\win64\141.0.7390.122\chromedriver-win32/chromedriver.exe] found in cache
2025-10-24 13:24:10,224 - scraper - INFO - Starting Chrome WebDriver...
2025-10-24 13:24:11,405 - scraper - INFO - Chrome WebDriver initialized successfully
2025-10-24 13:24:11,405 - scraper - INFO - [RANGE] Using ForexFactory range URL: https://www.forexfactory.com/calendar?range=apr27.2025-may26.2025
2025-10-24 13:24:11,405 - scraper - INFO - [NAV] Starting navigation to: https://www.forexfactory.com/calendar?range=apr27.2025-may26.2025
2025-10-24 13:24:11,406 - scraper - INFO - [NAV] Navigation attempt 1/3 to: https://www.forexfactory.com/calendar?range=apr27.2025-may26.2025
2025-10-24 13:24:11,406 - scraper - INFO - [NAV] Initial navigation delay: 6.8s
2025-10-24 13:24:11,410 - scraper - INFO - [NAV] Executing driver.get('https://www.forexfactory.com/calendar?range=apr27.2025-may26.2025')...
2025-10-24 13:24:13,331 - scraper - INFO - [NAV] Page navigation completed
2025-10-24 13:24:13,639 - scraper - INFO - [NAV] Initial page load wait: 10.6s
2025-10-24 13:24:13,711 - scraper - INFO - [NAV] Page loaded - URL: https://www.forexfactory.com/calendar?range=apr27.2025-may26.2025
2025-10-24 13:24:13,712 - scraper - INFO - [NAV] Page title: 'Calendar | Forex Factory'
2025-10-24 13:24:13,713 - scraper - INFO - [NAV] Page source length: 761358 characters
2025-10-24 13:24:13,870 - scraper - INFO - [NAV] Page loaded successfully despite some 404/403 resources in content
2025-10-24 13:24:13,876 - scraper - INFO - [NAV] Page title: 'Calendar | Forex Factory' - appears to be valid calendar page
2025-10-24 13:24:13,883 - scraper - INFO - [NAV] Waiting additional 20s and checking again for verification page...
2025-10-24 13:24:14,004 - scraper - INFO - [NAV] Successfully loaded page: 'Calendar | Forex Factory'
2025-10-24 13:24:14,008 - scraper - INFO - [NAV] Final URL: https://www.forexfactory.com/calendar?range=apr27.2025-may26.2025
2025-10-24 13:24:14,015 - scraper - INFO - [RANGE] Parsing range page using HTML table extraction
2025-10-24 13:24:14,285 - scraper - INFO - Scraped 1 events from calendar table for range 2025-04-27 to 2025-05-26
2025-10-24 13:24:14,286 - scraper - INFO - [RANGE] Completed range scraping: 1 total events from 2025-04-27 to 2025-05-26
2025-10-24 13:24:14,286 - scraper - INFO - Scraped 1 events from range 2025-04-27 to 2025-05-26
2025-10-24 13:24:16,436 - scraper - INFO - Processing range 2/6: 2025-05-27 to 2025-06-25
2025-10-24 13:24:16,437 - scraper - INFO - [RANGE] Starting range scraping: 2025-05-27 to 2025-06-25
2025-10-24 13:24:16,437 - scraper - INFO - [RANGE] Driver not initialized for range 2025-05-27 to 2025-06-25, setting up fresh driver
2025-10-24 13:24:16,438 - scraper - INFO - Setting up Chrome WebDriver...
2025-10-24 13:24:16,438 - scraper - INFO - Chrome WebDriver configured with headless mode: True
2025-10-24 13:24:16,438 - scraper - INFO - Downloading/updating ChromeDriver...
2025-10-24 13:24:16,439 - WDM - INFO - ====== WebDriver manager ======
2025-10-24 13:24:17,482 - WDM - INFO - Get LATEST chromedriver version for google-chrome
2025-10-24 13:24:17,800 - WDM - INFO - Get LATEST chromedriver version for google-chrome
2025-10-24 13:24:18,108 - WDM - INFO - Driver [C:\Users\taieb\.wdm\drivers\chromedriver\win64\141.0.7390.122\chromedriver-win32/chromedriver.exe] found in cache
2025-10-24 13:24:18,109 - scraper - INFO - Starting Chrome WebDriver...
2025-10-24 13:24:19,345 - scraper - INFO - Chrome WebDriver initialized successfully
2025-10-24 13:24:19,346 - scraper - INFO - [RANGE] Using ForexFactory range URL: https://www.forexfactory.com/calendar?range=may27.2025-jun25.2025
2025-10-24 13:24:19,346 - scraper - INFO - [NAV] Starting navigation to: https://www.forexfactory.com/calendar?range=may27.2025-jun25.2025
2025-10-24 13:24:19,346 - scraper - INFO - [NAV] Navigation attempt 1/3 to: https://www.forexfactory.com/calendar?range=may27.2025-jun25.2025
2025-10-24 13:24:19,346 - scraper - INFO - [NAV] Initial navigation delay: 7.8s
2025-10-24 13:24:19,357 - scraper - INFO - [NAV] Executing driver.get('https://www.forexfactory.com/calendar?range=may27.2025-jun25.2025')...
2025-10-24 13:24:21,861 - scraper - INFO - [NAV] Page navigation completed
2025-10-24 13:24:22,443 - scraper - INFO - [NAV] Initial page load wait: 9.4s
2025-10-24 13:24:22,530 - scraper - INFO - [NAV] Page loaded - URL: https://www.forexfactory.com/calendar?range=may27.2025-jun25.2025
2025-10-24 13:24:22,530 - scraper - INFO - [NAV] Page title: 'Calendar | Forex Factory'
2025-10-24 13:24:22,530 - scraper - INFO - [NAV] Page source length: 749540 characters
2025-10-24 13:24:22,700 - scraper - INFO - [NAV] Page loaded successfully despite some 404/403 resources in content
2025-10-24 13:24:22,705 - scraper - INFO - [NAV] Page title: 'Calendar | Forex Factory' - appears to be valid calendar page
2025-10-24 13:24:22,709 - scraper - INFO - [NAV] Waiting additional 20s and checking again for verification page...
2025-10-24 13:24:22,818 - scraper - INFO - [NAV] Successfully loaded page: 'Calendar | Forex Factory'
2025-10-24 13:24:22,825 - scraper - INFO - [NAV] Final URL: https://www.forexfactory.com/calendar?range=may27.2025-jun25.2025
2025-10-24 13:24:22,830 - scraper - INFO - [RANGE] Parsing range page using HTML table extraction
2025-10-24 13:24:23,419 - scraper - INFO - Scraped 17 events from calendar table for range 2025-05-27 to 2025-06-25
2025-10-24 13:24:23,420 - scraper - INFO - [RANGE] Completed range scraping: 17 total events from 2025-05-27 to 2025-06-25
2025-10-24 13:24:23,420 - scraper - INFO - Scraped 17 events from range 2025-05-27 to 2025-06-25
2025-10-24 13:24:25,670 - scraper - INFO - Processing range 3/6: 2025-06-26 to 2025-07-25
2025-10-24 13:24:25,670 - scraper - INFO - [RANGE] Starting range scraping: 2025-06-26 to 2025-07-25
2025-10-24 13:24:25,671 - scraper - INFO - [RANGE] Driver not initialized for range 2025-06-26 to 2025-07-25, setting up fresh driver
2025-10-24 13:24:25,671 - scraper - INFO - Setting up Chrome WebDriver...
2025-10-24 13:24:25,671 - scraper - INFO - Chrome WebDriver configured with headless mode: True
2025-10-24 13:24:25,672 - scraper - INFO - Downloading/updating ChromeDriver...
2025-10-24 13:24:25,672 - WDM - INFO - ====== WebDriver manager ======
2025-10-24 13:24:26,730 - WDM - INFO - Get LATEST chromedriver version for google-chrome
2025-10-24 13:24:27,044 - WDM - INFO - Get LATEST chromedriver version for google-chrome
2025-10-24 13:24:27,352 - WDM - INFO - Driver [C:\Users\taieb\.wdm\drivers\chromedriver\win64\141.0.7390.122\chromedriver-win32/chromedriver.exe] found in cache
2025-10-24 13:24:27,353 - scraper - INFO - Starting Chrome WebDriver...
2025-10-24 13:24:28,524 - scraper - INFO - Chrome WebDriver initialized successfully
2025-10-24 13:24:28,525 - scraper - INFO - [RANGE] Using ForexFactory range URL: https://www.forexfactory.com/calendar?range=jun26.2025-jul25.2025
2025-10-24 13:24:28,525 - scraper - INFO - [NAV] Starting navigation to: https://www.forexfactory.com/calendar?range=jun26.2025-jul25.2025
2025-10-24 13:24:28,525 - scraper - INFO - [NAV] Navigation attempt 1/3 to: https://www.forexfactory.com/calendar?range=jun26.2025-jul25.2025
2025-10-24 13:24:28,525 - scraper - INFO - [NAV] Initial navigation delay: 3.7s
2025-10-24 13:24:28,529 - scraper - INFO - [NAV] Executing driver.get('https://www.forexfactory.com/calendar?range=jun26.2025-jul25.2025')...
2025-10-24 13:24:30,164 - scraper - INFO - [NAV] Page navigation completed
2025-10-24 13:24:30,808 - scraper - INFO - [NAV] Initial page load wait: 8.2s
2025-10-24 13:24:30,882 - scraper - INFO - [NAV] Page loaded - URL: https://www.forexfactory.com/calendar?range=jun26.2025-jul25.2025
2025-10-24 13:24:30,883 - scraper - INFO - [NAV] Page title: 'Calendar | Forex Factory'
2025-10-24 13:24:30,883 - scraper - INFO - [NAV] Page source length: 698689 characters
2025-10-24 13:24:31,050 - scraper - INFO - [NAV] Page loaded successfully despite some 404/403 resources in content
2025-10-24 13:24:31,055 - scraper - INFO - [NAV] Page title: 'Calendar | Forex Factory' - appears to be valid calendar page
2025-10-24 13:24:31,059 - scraper - INFO - [NAV] Waiting additional 20s and checking again for verification page...
2025-10-24 13:24:31,153 - scraper - INFO - [NAV] Successfully loaded page: 'Calendar | Forex Factory'
2025-10-24 13:24:31,157 - scraper - INFO - [NAV] Final URL: https://www.forexfactory.com/calendar?range=jun26.2025-jul25.2025
2025-10-24 13:24:31,164 - scraper - INFO - [RANGE] Parsing range page using HTML table extraction
2025-10-24 13:24:31,523 - scraper - INFO - Scraped 20 events from calendar table for range 2025-06-26 to 2025-07-25
2025-10-24 13:24:31,523 - scraper - INFO - [RANGE] Completed range scraping: 20 total events from 2025-06-26 to 2025-07-25
2025-10-24 13:24:31,523 - scraper - INFO - Scraped 20 events from range 2025-06-26 to 2025-07-25
2025-10-24 13:24:33,728 - scraper - INFO - Processing range 4/6: 2025-07-26 to 2025-08-24
2025-10-24 13:24:33,728 - scraper - INFO - [RANGE] Starting range scraping: 2025-07-26 to 2025-08-24
2025-10-24 13:24:33,728 - scraper - INFO - [RANGE] Driver not initialized for range 2025-07-26 to 2025-08-24, setting up fresh driver
2025-10-24 13:24:33,728 - scraper - INFO - Setting up Chrome WebDriver...
2025-10-24 13:24:33,729 - scraper - INFO - Chrome WebDriver configured with headless mode: True
2025-10-24 13:24:33,729 - scraper - INFO - Downloading/updating ChromeDriver...
2025-10-24 13:24:33,729 - WDM - INFO - ====== WebDriver manager ======
2025-10-24 13:24:35,302 - WDM - INFO - Get LATEST chromedriver version for google-chrome
2025-10-24 13:24:35,842 - WDM - INFO - Get LATEST chromedriver version for google-chrome
2025-10-24 13:24:36,294 - WDM - INFO - Driver [C:\Users\taieb\.wdm\drivers\chromedriver\win64\141.0.7390.122\chromedriver-win32/chromedriver.exe] found in cache
2025-10-24 13:24:36,295 - scraper - INFO - Starting Chrome WebDriver...
2025-10-24 13:24:37,628 - scraper - INFO - Chrome WebDriver initialized successfully
2025-10-24 13:24:37,630 - scraper - INFO - [RANGE] Using ForexFactory range URL: https://www.forexfactory.com/calendar?range=jul26.2025-aug24.2025
2025-10-24 13:24:37,634 - scraper - INFO - [NAV] Starting navigation to: https://www.forexfactory.com/calendar?range=jul26.2025-aug24.2025
2025-10-24 13:24:37,634 - scraper - INFO - [NAV] Navigation attempt 1/3 to: https://www.forexfactory.com/calendar?range=jul26.2025-aug24.2025
2025-10-24 13:24:37,635 - scraper - INFO - [NAV] Initial navigation delay: 6.0s
2025-10-24 13:24:37,647 - scraper - INFO - [NAV] Executing driver.get('https://www.forexfactory.com/calendar?range=jul26.2025-aug24.2025')...
2025-10-24 13:24:39,481 - scraper - INFO - [NAV] Page navigation completed
2025-10-24 13:24:40,078 - scraper - INFO - [NAV] Initial page load wait: 9.1s
2025-10-24 13:24:40,159 - scraper - INFO - [NAV] Page loaded - URL: https://www.forexfactory.com/calendar?range=jul26.2025-aug24.2025
2025-10-24 13:24:40,160 - scraper - INFO - [NAV] Page title: 'Calendar | Forex Factory'
2025-10-24 13:24:40,160 - scraper - INFO - [NAV] Page source length: 659875 characters
2025-10-24 13:24:40,343 - scraper - INFO - [NAV] Page loaded successfully despite some 404/403 resources in content
2025-10-24 13:24:40,350 - scraper - INFO - [NAV] Page title: 'Calendar | Forex Factory' - appears to be valid calendar page
2025-10-24 13:24:40,353 - scraper - INFO - [NAV] Waiting additional 20s and checking again for verification page...
2025-10-24 13:24:40,455 - scraper - INFO - [NAV] Successfully loaded page: 'Calendar | Forex Factory'
2025-10-24 13:24:40,461 - scraper - INFO - [NAV] Final URL: https://www.forexfactory.com/calendar?range=jul26.2025-aug24.2025
2025-10-24 13:24:40,466 - scraper - INFO - [RANGE] Parsing range page using HTML table extraction
2025-10-24 13:24:40,810 - scraper - INFO - Scraped 0 events from calendar table for range 2025-07-26 to 2025-08-24
2025-10-24 13:24:40,811 - scraper - INFO - [RANGE] Completed range scraping: 0 total events from 2025-07-26 to 2025-08-24
2025-10-24 13:24:40,811 - scraper - INFO - Scraped 0 events from range 2025-07-26 to 2025-08-24
2025-10-24 13:24:42,991 - scraper - INFO - Processing range 5/6: 2025-08-25 to 2025-09-23
2025-10-24 13:24:42,991 - scraper - INFO - [RANGE] Starting range scraping: 2025-08-25 to 2025-09-23
2025-10-24 13:24:42,991 - scraper - INFO - [RANGE] Driver not initialized for range 2025-08-25 to 2025-09-23, setting up fresh driver
2025-10-24 13:24:42,991 - scraper - INFO - Setting up Chrome WebDriver...
2025-10-24 13:24:42,992 - scraper - INFO - Chrome WebDriver configured with headless mode: True
2025-10-24 13:24:42,992 - scraper - INFO - Downloading/updating ChromeDriver...
2025-10-24 13:24:42,992 - WDM - INFO - ====== WebDriver manager ======
2025-10-24 13:24:44,203 - WDM - INFO - Get LATEST chromedriver version for google-chrome
2025-10-24 13:24:44,556 - WDM - INFO - Get LATEST chromedriver version for google-chrome
2025-10-24 13:24:44,928 - WDM - INFO - Driver [C:\Users\taieb\.wdm\drivers\chromedriver\win64\141.0.7390.122\chromedriver-win32/chromedriver.exe] found in cache
2025-10-24 13:24:44,929 - scraper - INFO - Starting Chrome WebDriver...
2025-10-24 13:24:46,107 - scraper - INFO - Chrome WebDriver initialized successfully
2025-10-24 13:24:46,107 - scraper - INFO - [RANGE] Using ForexFactory range URL: https://www.forexfactory.com/calendar?range=aug25.2025-sep23.2025
2025-10-24 13:24:46,107 - scraper - INFO - [NAV] Starting navigation to: https://www.forexfactory.com/calendar?range=aug25.2025-sep23.2025
2025-10-24 13:24:46,108 - scraper - INFO - [NAV] Navigation attempt 1/3 to: https://www.forexfactory.com/calendar?range=aug25.2025-sep23.2025
2025-10-24 13:24:46,108 - scraper - INFO - [NAV] Initial navigation delay: 7.5s
2025-10-24 13:24:46,114 - scraper - INFO - [NAV] Executing driver.get('https://www.forexfactory.com/calendar?range=aug25.2025-sep23.2025')...
2025-10-24 13:24:48,321 - scraper - INFO - [NAV] Page navigation completed
2025-10-24 13:24:49,263 - scraper - INFO - [NAV] Initial page load wait: 8.5s
2025-10-24 13:24:49,445 - scraper - INFO - [NAV] Page loaded - URL: https://www.forexfactory.com/calendar?range=aug25.2025-sep23.2025
2025-10-24 13:24:49,447 - scraper - INFO - [NAV] Page title: 'Calendar | Forex Factory'
2025-10-24 13:24:49,447 - scraper - INFO - [NAV] Page source length: 695459 characters
2025-10-24 13:24:49,678 - scraper - INFO - [NAV] Page loaded successfully despite some 404/403 resources in content
2025-10-24 13:24:49,686 - scraper - INFO - [NAV] Page title: 'Calendar | Forex Factory' - appears to be valid calendar page
2025-10-24 13:24:49,691 - scraper - INFO - [NAV] Waiting additional 20s and checking again for verification page...
2025-10-24 13:24:49,898 - scraper - INFO - [NAV] Successfully loaded page: 'Calendar | Forex Factory'
2025-10-24 13:24:49,904 - scraper - INFO - [NAV] Final URL: https://www.forexfactory.com/calendar?range=aug25.2025-sep23.2025
2025-10-24 13:24:49,914 - scraper - INFO - [RANGE] Parsing range page using HTML table extraction
2025-10-24 13:24:50,224 - scraper - INFO - Scraped 8 events from calendar table for range 2025-08-25 to 2025-09-23
2025-10-24 13:24:50,224 - scraper - INFO - [RANGE] Completed range scraping: 8 total events from 2025-08-25 to 2025-09-23
2025-10-24 13:24:50,224 - scraper - INFO - Scraped 8 events from range 2025-08-25 to 2025-09-23
2025-10-24 13:24:52,396 - scraper - INFO - Processing range 6/6: 2025-09-24 to 2025-10-23
2025-10-24 13:24:52,397 - scraper - INFO - [RANGE] Starting range scraping: 2025-09-24 to 2025-10-23
2025-10-24 13:24:52,397 - scraper - INFO - [RANGE] Driver not initialized for range 2025-09-24 to 2025-10-23, setting up fresh driver
2025-10-24 13:24:52,397 - scraper - INFO - Setting up Chrome WebDriver...
2025-10-24 13:24:52,398 - scraper - INFO - Chrome WebDriver configured with headless mode: True
2025-10-24 13:24:52,398 - scraper - INFO - Downloading/updating ChromeDriver...
2025-10-24 13:24:52,398 - WDM - INFO - ====== WebDriver manager ======
2025-10-24 13:24:55,297 - WDM - INFO - Get LATEST chromedriver version for google-chrome
2025-10-24 13:24:55,961 - WDM - INFO - Get LATEST chromedriver version for google-chrome
2025-10-24 13:24:56,832 - WDM - INFO - Driver [C:\Users\taieb\.wdm\drivers\chromedriver\win64\141.0.7390.122\chromedriver-win32/chromedriver.exe] found in cache
2025-10-24 13:24:56,833 - scraper - INFO - Starting Chrome WebDriver...
2025-10-24 13:24:58,135 - scraper - INFO - Chrome WebDriver initialized successfully
2025-10-24 13:24:58,136 - scraper - INFO - [RANGE] Using ForexFactory range URL: https://www.forexfactory.com/calendar?range=sep24.2025-oct23.2025
2025-10-24 13:24:58,136 - scraper - INFO - [NAV] Starting navigation to: https://www.forexfactory.com/calendar?range=sep24.2025-oct23.2025
2025-10-24 13:24:58,137 - scraper - INFO - [NAV] Navigation attempt 1/3 to: https://www.forexfactory.com/calendar?range=sep24.2025-oct23.2025
2025-10-24 13:24:58,137 - scraper - INFO - [NAV] Initial navigation delay: 5.3s
2025-10-24 13:24:58,142 - scraper - INFO - [NAV] Executing driver.get('https://www.forexfactory.com/calendar?range=sep24.2025-oct23.2025')...
2025-10-24 13:25:01,252 - scraper - INFO - [NAV] Page navigation completed
2025-10-24 13:25:01,613 - scraper - INFO - [NAV] Initial page load wait: 11.9s
2025-10-24 13:25:01,751 - scraper - INFO - [NAV] Page loaded - URL: https://www.forexfactory.com/calendar?range=sep24.2025-oct23.2025
2025-10-24 13:25:01,751 - scraper - INFO - [NAV] Page title: 'Calendar | Forex Factory'
2025-10-24 13:25:01,751 - scraper - INFO - [NAV] Page source length: 749643 characters
2025-10-24 13:25:02,016 - scraper - INFO - [NAV] Page loaded successfully despite some 404/403 resources in content
2025-10-24 13:25:02,024 - scraper - INFO - [NAV] Page title: 'Calendar | Forex Factory' - appears to be valid calendar page
2025-10-24 13:25:02,029 - scraper - INFO - [NAV] Waiting additional 20s and checking again for verification page...
2025-10-24 13:25:02,168 - scraper - INFO - [NAV] Successfully loaded page: 'Calendar | Forex Factory'
2025-10-24 13:25:02,175 - scraper - INFO - [NAV] Final URL: https://www.forexfactory.com/calendar?range=sep24.2025-oct23.2025
2025-10-24 13:25:02,182 - scraper - INFO - [RANGE] Parsing range page using HTML table extraction
2025-10-24 13:25:02,609 - scraper - INFO - Scraped 11 events from calendar table for range 2025-09-24 to 2025-10-23
2025-10-24 13:25:02,609 - scraper - INFO - [RANGE] Completed range scraping: 11 total events from 2025-09-24 to 2025-10-23
2025-10-24 13:25:02,609 - scraper - INFO - Scraped 11 events from range 2025-09-24 to 2025-10-23
2025-10-24 13:25:04,863 - scraper - INFO - ============================================================
2025-10-24 13:25:04,864 - scraper - INFO - RANGE-BASED SCRAPING COMPLETED - SUMMARY REPORT
2025-10-24 13:25:04,865 - scraper - INFO - ============================================================
2025-10-24 13:25:04,866 - scraper - INFO - [TOTAL] Total events found: 57
2025-10-24 13:25:04,867 - scraper - INFO - [RANGE] Date range: 2025-04-27 to 2025-10-24
2025-10-24 13:25:04,867 - scraper - INFO - [RANGES] Total ranges processed: 6
2025-10-24 13:25:04,868 - scraper - INFO - [SUCCESS] Successful ranges: 6/6 (100.0%)
2025-10-24 13:25:04,869 - scraper - INFO - [FAILED] Failed ranges: 0
2025-10-24 13:25:04,870 - scraper - INFO - [OPTIMIZATION] Using daily approach with monthly chunks
2025-10-24 13:25:04,871 - scraper - INFO - ============================================================
2025-10-24 13:25:04,872 - __main__ - INFO - Range scrape completed: 57 events found
2025-10-24 13:25:04,873 - symbol_mapper - WARNING - No mapping found for currency: All
2025-10-24 13:25:04,875 - symbol_mapper - INFO - Mapped 57 events with trading pairs
2025-10-24 13:25:04,875 - __main__ - INFO - Range mode: data has been saved incrementally during scraping
2025-10-24 13:25:04,876 - __main__ - INFO - Final CSV file: D:\WORK\JTrading\JTrading-News-Manager\output/economic_events.csv (size: 41958 bytes)
2025-10-24 13:25:04,936 - __main__ - INFO - Pipeline completed successfully. Final CSV contains 382 events
2025-10-24 13:25:04,937 - __main__ - INFO - Economic News Manager completed successfully
